**********************
Windows PowerShell transcript start
Start time: 20260513000950
Username: DESKTOP-P9DOBMM\13527
RunAs User: DESKTOP-P9DOBMM\13527
Configuration Name: 
Machine: DESKTOP-P9DOBMM (Microsoft Windows NT 10.0.19045.0)
Host Application: C:\Windows\System32\WindowsPowerShell\v1.0\powershell.exe -NoProfile -NoExit -ExecutionPolicy Bypass -File C:\CleanSeedsBuild\Upload-NeocitiesCleanSiteGuarded.ps1 -Auth Basic
Process ID: 11244
PSVersion: 5.1.19041.6456
PSEdition: Desktop
PSCompatibleVersions: 1.0, 2.0, 3.0, 4.0, 5.0, 5.1.19041.6456
BuildVersion: 10.0.19041.6456
CLRVersion: 4.0.30319.42000
WSManStackVersion: 3.0
PSRemotingProtocolVersion: 2.3
SerializationVersion: 1.1.0.1
**********************
attempt log: C:\CleanSeedsBuild\NEOCITIES_CLEAN_SITE_UPLOAD_ATTEMPT_20260513_000950.log
UPLOAD SET READY
site folder: C:\CleanSeedsBuild\NEOCITIES_CLEAN_SITE
target site: p00psticks.neocities.org
file count: 17
total bytes: 9284976

This uploads only the public site files listed by this script.
It does not delete remote files.
It does not upload UPDATE_MANIFEST.ps1, UPDATE_MANIFEST.bat, local backups, receipts, or do-not-upload files.

Authenticating with GET /api/list before upload...
pre-upload remote file count: 782
Uploading guarded public site files...
Verifying with GET /api/list after upload...
PASS
receipt path: C:\CleanSeedsBuild\NEOCITIES_CLEAN_SITE_UPLOAD_RECEIPT_20260513_001018.txt
uploaded file count: 17
verified file count: 17
**********************
Windows PowerShell transcript end
End time: 20260513001018
**********************
